#
# There is insufficient memory for the Java Runtime Environment to continue.
# Native memory allocation (mmap) failed to map 264241152 bytes for G1 virtual space
# Possible reasons:
#   The system is out of physical RAM or swap space
#   The process is running with CompressedOops enabled, and the Java Heap may be blocking the growth of the native heap
# Possible solutions:
#   Reduce memory load on the system
#   Increase physical memory or swap space
#   Check if swap backing store is full
#   Decrease Java heap size (-Xmx/-Xms)
#   Decrease number of Java threads
#   Decrease Java thread stack sizes (-Xss)
#   Set larger code cache with -XX:ReservedCodeCacheSize=
#   JVM is running with Zero Based Compressed Oops mode in which the Java heap is
#     placed in the first 32GB address space. The Java Heap base address is the
#     maximum limit for the native heap growth. Please use -XX:HeapBaseMinAddress
#     to set the Java Heap base and to place the Java Heap above 32GB virtual address.
# This output file may be truncated or incomplete.
#
#  Out of Memory Error (os_windows.cpp:3528), pid=9596, tid=28872
#
# JRE version:  (20.0.1+9) (build )
# Java VM: Java HotSpot(TM) 64-Bit Server VM (20.0.1+9-29, mixed mode, sharing, tiered, compressed oops, compressed class ptrs, g1 gc, windows-amd64)
# No core dump will be written. Minidumps are not enabled by default on client versions of Windows
#

---------------  S U M M A R Y ------------

Command Line: -XX:+ShowCodeDetailsInExceptionMessages Patterns.HollowRectangle

Host: 11th Gen Intel(R) Core(TM) i5-11320H @ 3.20GHz, 8 cores, 15G,  Windows 11 , 64 bit Build 22621 (10.0.22621.3235)
Time: Mon Mar 18 18:31:07 2024 India Standard Time elapsed time: 0.015672 seconds (0d 0h 0m 0s)

---------------  T H R E A D  ---------------

Current thread (0x000001691b5cf5e0):  JavaThread "Unknown thread" [_thread_in_vm, id=28872, stack(0x0000006532000000,0x0000006532100000)]

Stack: [0x0000006532000000,0x0000006532100000]
Native frames: (J=compiled Java code, j=interpreted, Vv=VM code, C=native code)
V  [jvm.dll+0x6bb95a]
V  [jvm.dll+0x8485fa]
V  [jvm.dll+0x84a1f5]
V  [jvm.dll+0x84a8f3]
V  [jvm.dll+0x280b0f]
V  [jvm.dll+0x6b86e9]
V  [jvm.dll+0x6ad2da]
V  [jvm.dll+0x35adf5]
V  [jvm.dll+0x363016]
V  [jvm.dll+0x3b3b3e]
V  [jvm.dll+0x3b3dc5]
V  [jvm.dll+0x32b50a]
V  [jvm.dll+0x32c32b]
V  [jvm.dll+0x8112bf]
V  [jvm.dll+0x3c0d91]
V  [jvm.dll+0x7fcfe3]
V  [jvm.dll+0x44c76f]
V  [jvm.dll+0x44e0e1]
C  [jli.dll+0x5287]
C  [ucrtbase.dll+0x29363]
C  [KERNEL32.DLL+0x1257d]
C  [ntdll.dll+0x5aa58]


---------------  P R O C E S S  ---------------

Threads class SMR info:
_java_thread_list=0x00007fff2672a098, length=0, elements={
}

Java Threads: ( => current thread )

Other Threads:
  0x000001691b640280 WorkerThread "GC Thread#0" [stack: 0x0000006532100000,0x0000006532200000] [id=30992]
  0x000001691b650e40 ConcurrentGCThread "G1 Main Marker" [stack: 0x0000006532200000,0x0000006532300000] [id=33680]
  0x000001691b651780 WorkerThread "G1 Conc#0" [stack: 0x0000006532300000,0x0000006532400000] [id=25940]

[error occurred during error reporting (printing all threads), id 0xc0000005, EXCEPTION_ACCESS_VIOLATION (0xc0000005) at pc=0x00007fff25f0eb47]
VM state: not at safepoint (not fully initialized)

VM Mutex/Monitor currently owned by a thread:  ([mutex/lock_event])
[0x000001691b5cb550] Heap_lock - owner thread: 0x000001691b5cf5e0

Heap address: 0x0000000704000000, size: 4032 MB, Compressed Oops mode: Zero based, Oop shift amount: 3

CDS archive(s) mapped at: [0x0000000000000000-0x0000000000000000-0x0000000000000000), size 0, SharedBaseAddress: 0x0000000800000000, ArchiveRelocationMode: 0.
Narrow klass base: 0x0000000000000000, Narrow klass shift: 0, Narrow klass range: 0x0

GC Precious Log:
 CardTable entry size: 512
 Card Set container configuration: InlinePtr #cards 4 size 8 Array Of Cards #cards 16 size 48 Howl #buckets 8 coarsen threshold 3686 Howl Bitmap #cards 512 size 80 coarsen threshold 460 Card regions per heap region 1 cards per card region 4096

Heap:
 garbage-first heap   total 0K, used 0K [0x0000000704000000, 0x0000000800000000)
  region size 2048K, 0 young (0K), 0 survivors (0K)

[error occurred during error reporting (printing heap information), id 0xc0000005, EXCEPTION_ACCESS_VIOLATION (0xc0000005) at pc=0x00007fff262e3c59]
GC Heap History (0 events):
No events

Dll operation events (1 events):
Event: 0.008 Loaded shared library D:\jdk-20_windows-x64_bin\jdk-20.0.1\bin\java.dll

Deoptimization events (0 events):
No events

Classes loaded (0 events):
No events

Classes unloaded (0 events):
No events

Classes redefined (0 events):
No events

Internal exceptions (0 events):
No events

VM Operations (0 events):
No events

Events (0 events):
No events


Dynamic libraries:
0x00007ff6edc00000 - 0x00007ff6edc10000 	D:\jdk-20_windows-x64_bin\jdk-20.0.1\bin\java.exe
0x00007fff915b0000 - 0x00007fff917c6000 	C:\WINDOWS\SYSTEM32\ntdll.dll
0x00007fff8f870000 - 0x00007fff8f934000 	C:\WINDOWS\System32\KERNEL32.DLL
0x00007fff8ebd0000 - 0x00007fff8ef76000 	C:\WINDOWS\System32\KERNELBASE.dll
0x00007fff8ef80000 - 0x00007fff8f091000 	C:\WINDOWS\System32\ucrtbase.dll
0x00007fff79780000 - 0x00007fff7979b000 	D:\jdk-20_windows-x64_bin\jdk-20.0.1\bin\VCRUNTIME140.dll
0x00007fff79760000 - 0x00007fff79779000 	D:\jdk-20_windows-x64_bin\jdk-20.0.1\bin\jli.dll
0x00007fff8fda0000 - 0x00007fff8fe52000 	C:\WINDOWS\System32\ADVAPI32.dll
0x00007fff8ffc0000 - 0x00007fff90067000 	C:\WINDOWS\System32\msvcrt.dll
0x00007fff91310000 - 0x00007fff913b8000 	C:\WINDOWS\System32\sechost.dll
0x00007fff8e8f0000 - 0x00007fff8e918000 	C:\WINDOWS\System32\bcrypt.dll
0x00007fff8fa40000 - 0x00007fff8fb55000 	C:\WINDOWS\System32\RPCRT4.dll
0x00007fff913c0000 - 0x00007fff9156d000 	C:\WINDOWS\System32\USER32.dll
0x00007fff8e920000 - 0x00007fff8e946000 	C:\WINDOWS\System32\win32u.dll
0x00007fff90c70000 - 0x00007fff90c99000 	C:\WINDOWS\System32\GDI32.dll
0x00007fff744c0000 - 0x00007fff74753000 	C:\WINDOWS\WinSxS\amd64_microsoft.windows.common-controls_6595b64144ccf1df_6.0.22621.3235_none_270f74e173860f98\COMCTL32.dll
0x00007fff8e950000 - 0x00007fff8ea68000 	C:\WINDOWS\System32\gdi32full.dll
0x00007fff8ea70000 - 0x00007fff8eb0a000 	C:\WINDOWS\System32\msvcp_win.dll
0x00007fff828d0000 - 0x00007fff828da000 	C:\WINDOWS\SYSTEM32\VERSION.dll
0x00007fff8f300000 - 0x00007fff8f331000 	C:\WINDOWS\System32\IMM32.DLL
0x00007fff79750000 - 0x00007fff7975c000 	D:\jdk-20_windows-x64_bin\jdk-20.0.1\bin\vcruntime140_1.dll
0x00007fff35260000 - 0x00007fff352ee000 	D:\jdk-20_windows-x64_bin\jdk-20.0.1\bin\msvcp140.dll
0x00007fff25bd0000 - 0x00007fff26867000 	D:\jdk-20_windows-x64_bin\jdk-20.0.1\bin\server\jvm.dll
0x00007fff668c0000 - 0x00007fff668c9000 	C:\WINDOWS\SYSTEM32\WSOCK32.dll
0x00007fff89790000 - 0x00007fff897c4000 	C:\WINDOWS\SYSTEM32\WINMM.dll
0x00007fff8f7f0000 - 0x00007fff8f861000 	C:\WINDOWS\System32\WS2_32.dll
0x00007fff8da20000 - 0x00007fff8da38000 	C:\WINDOWS\SYSTEM32\kernel.appcore.dll
0x00007fff79740000 - 0x00007fff7974a000 	D:\jdk-20_windows-x64_bin\jdk-20.0.1\bin\jimage.dll
0x00007fff8beb0000 - 0x00007fff8c0e3000 	C:\WINDOWS\SYSTEM32\DBGHELP.DLL
0x00007fff90080000 - 0x00007fff90408000 	C:\WINDOWS\System32\combase.dll
0x00007fff8fc10000 - 0x00007fff8fce7000 	C:\WINDOWS\System32\OLEAUT32.dll
0x00007fff896e0000 - 0x00007fff89712000 	C:\WINDOWS\SYSTEM32\dbgcore.DLL
0x00007fff8f0a0000 - 0x00007fff8f11a000 	C:\WINDOWS\System32\bcryptPrimitives.dll
0x00007fff78110000 - 0x00007fff78136000 	D:\jdk-20_windows-x64_bin\jdk-20.0.1\bin\java.dll

dbghelp: loaded successfully - version: 4.0.5 - missing functions: none
symbol engine: initialized successfully - sym options: 0x614 - pdb path: .;D:\jdk-20_windows-x64_bin\jdk-20.0.1\bin;C:\WINDOWS\SYSTEM32;C:\WINDOWS\WinSxS\amd64_microsoft.windows.common-controls_6595b64144ccf1df_6.0.22621.3235_none_270f74e173860f98;D:\jdk-20_windows-x64_bin\jdk-20.0.1\bin\server

VM Arguments:
jvm_args: -XX:+ShowCodeDetailsInExceptionMessages 
java_command: Patterns.HollowRectangle
java_class_path (initial): C:\Users\nasru\AppData\Roaming\Code\User\workspaceStorage\cd9786bb07fab7e9603ed3c3b96ed029\redhat.java\jdt_ws\DSA_WITH_JAVA_eb22f9b5\bin
Launcher Type: SUN_STANDARD

[Global flags]
     intx CICompilerCount                          = 4                                         {product} {ergonomic}
     uint ConcGCThreads                            = 2                                         {product} {ergonomic}
     uint G1ConcRefinementThreads                  = 8                                         {product} {ergonomic}
   size_t G1HeapRegionSize                         = 2097152                                   {product} {ergonomic}
    uintx GCDrainStackTargetSize                   = 64                                        {product} {ergonomic}
   size_t InitialHeapSize                          = 264241152                                 {product} {ergonomic}
   size_t MarkStackSize                            = 4194304                                   {product} {ergonomic}
   size_t MaxHeapSize                              = 4227858432                                {product} {ergonomic}
   size_t MinHeapDeltaBytes                        = 2097152                                   {product} {ergonomic}
   size_t MinHeapSize                              = 8388608                                   {product} {ergonomic}
    uintx NonNMethodCodeHeapSize                   = 5839372                                {pd product} {ergonomic}
    uintx NonProfiledCodeHeapSize                  = 122909434                              {pd product} {ergonomic}
    uintx ProfiledCodeHeapSize                     = 122909434                              {pd product} {ergonomic}
    uintx ReservedCodeCacheSize                    = 251658240                              {pd product} {ergonomic}
     bool SegmentedCodeCache                       = true                                      {product} {ergonomic}
     bool ShowCodeDetailsInExceptionMessages       = true                                   {manageable} {command line}
   size_t SoftMaxHeapSize                          = 4227858432                             {manageable} {ergonomic}
     bool UseCompressedClassPointers               = true                           {product lp64_product} {ergonomic}
     bool UseCompressedOops                        = true                           {product lp64_product} {ergonomic}
     bool UseG1GC                                  = true                                      {product} {ergonomic}
     bool UseLargePagesIndividualAllocation        = false                                  {pd product} {ergonomic}

Logging:
Log output configuration:
 #0: stdout all=warning uptime,level,tags foldmultilines=false
 #1: stderr all=off uptime,level,tags foldmultilines=false

Environment Variables:
PATH=C:\Program Files\Common Files\Oracle\Java\javapath;C:\Windows\system32;C:\Windows;C:\Windows\System32\Wbem;C:\Windows\System32\WindowsPowerShell\v1.0\;C:\Windows\System32\OpenSSH\;C:\Program Files\NVIDIA Corporation\NVIDIA NvDLISR;C:\WINDOWS\system32;C:\WINDOWS;C:\WINDOWS\System32\Wbem;C:\WINDOWS\System32\WindowsPowerShell\v1.0\;C:\WINDOWS\System32\OpenSSH\;C:\Program Files\dotnet\;C:\Program Files\Git\cmd;C:\Program Files\MySQL\MySQL Server 8.0\bin;C:\Program Files\nodejs\;C:\Users\nasru\AppData\Local\Programs\Python\Python311;C:\Users\nasru\AppData\Local\Programs\Python\Python311\Scripts;D:\jdk-20_windows-x64_bin\jdk-20.0.1\bin;C:\Program Files (x86)\NVIDIA Corporation\PhysX\Common;C:\Program Files\Cloudflare\Cloudflare WARP\;C:\Program Files\MySQL\MySQL Shell 8.0\bin\;C:\Users\nasru\AppData\Local\Microsoft\WindowsApps;C:\Users\nasru\AppData\Local\Programs\Microsoft VS Code\bin;C:\Users\nasru\AppData\Local\GitHubDesktop\bin;C:\Users\nasru\AppData\Roaming\npm;C:\Program Files\JetBrains\PyCharm Community Edition 2023.1.3\bin;;C:\MinGW\bin;;C:\Program Files\JetBrains\PyCharm 2023.3.4\bin;
USERNAME=nasru
LANG=en_US.UTF-8
OS=Windows_NT
PROCESSOR_IDENTIFIER=Intel64 Family 6 Model 140 Stepping 2, GenuineIntel
TMP=C:\Users\nasru\AppData\Local\Temp
TEMP=C:\Users\nasru\AppData\Local\Temp




---------------  S Y S T E M  ---------------

OS:
 Windows 11 , 64 bit Build 22621 (10.0.22621.3235)
OS uptime: 4 days 10:37 hours
Hyper-V role detected

CPU: total 8 (initial active 8) (4 cores per cpu, 2 threads per core) family 6 model 140 stepping 2 microcode 0x2c, cx8, cmov, fxsr, ht, mmx, 3dnowpref, sse, sse2, sse3, ssse3, sse4.1, sse4.2, popcnt, lzcnt, tsc, tscinvbit, avx, avx2, aes, erms, clmul, bmi1, bmi2, adx, avx512f, avx512dq, avx512cd, avx512bw, avx512vl, sha, fma, vzeroupper, avx512_vpopcntdq, avx512_vpclmulqdq, avx512_vaes, avx512_vnni, clflush, clflushopt, clwb, avx512_vbmi2, avx512_vbmi, hv, rdtscp, rdpid, fsrm, gfni, avx512_bitalg, f16c, cet_ibt, cet_ss, avx512_ifma

Memory: 4k page, system-wide physical 16126M (4688M free)
TotalPageFile size 18052M (AvailPageFile size 133M)
current process WorkingSet (physical memory assigned to process): 11M, peak: 11M
current process commit charge ("private bytes"): 60M, peak: 312M

vm_info: Java HotSpot(TM) 64-Bit Server VM (20.0.1+9-29) for windows-amd64 JRE (20.0.1+9-29), built on 2023-03-07T13:56:11Z by "mach5one" with MS VC++ 17.1 (VS2022)

END.
